<?xml version="1.0" encoding="UTF-8"?>
<testng-results ignored="0" total="1" passed="1" failed="0" skipped="0">
  <reporter-output>
  </reporter-output>
  <suite started-at="2022-11-02T00:33:00 EDT" name="Surefire suite" finished-at="2022-11-02T00:33:00 EDT" duration-ms="41">
    <groups>
    </groups>
    <test started-at="2022-11-02T00:33:00 EDT" name="Surefire test" finished-at="2022-11-02T00:33:00 EDT" duration-ms="41">
      <class name="Toan">
        <test-method signature="method()[pri:0, instance:Toan@5b0abc94]" started-at="2022-11-02T00:33:00 EDT" name="method" finished-at="2022-11-02T00:33:00 EDT" duration-ms="4" status="PASS">
          <reporter-output>
          </reporter-output>
        </test-method> <!-- method -->
      </class> <!-- Toan -->
    </test> <!-- Surefire test -->
  </suite> <!-- Surefire suite -->
</testng-results>
